{
  "stats": {
    "suites": 0,
    "tests": 2,
    "passes": 2,
    "pending": 0,
    "failures": 0,
    "start": "2023-05-12T21:47:51.687Z",
    "end": "2023-05-12T21:48:05.012Z",
    "duration": 13325,
    "testsRegistered": 2,
    "passPercent": 100,
    "pendingPercent": 0,
    "other": 0,
    "hasOther": false,
    "skipped": 0,
    "hasSkipped": false
  },
  "results": [
    {
      "uuid": "bb4fafd7-bdf8-4ddf-9ea4-45687b27a0a2",
      "title": "",
      "fullFile": "cypress\\e2e\\googlesearch.cy.js",
      "file": "cypress\\e2e\\googlesearch.cy.js",
      "beforeHooks": [],
      "afterHooks": [],
      "tests": [
        {
          "title": "Google search 1st Test",
          "fullTitle": "Google search 1st Test",
          "timedOut": null,
          "duration": 5196,
          "state": "passed",
          "speed": "medium",
          "pass": true,
          "fail": false,
          "pending": false,
          "context": null,
          "code": "cy.log('Google 1st Test Starts');\ncy.visit('https://google.com');\ncy.get('.gLFyf').type('cypress{enter}');\ncy.log('Google 1st Test Ends');",
          "err": {},
          "uuid": "9eee3d01-8be2-4209-bf83-912400d097ed",
          "parentUUID": "bb4fafd7-bdf8-4ddf-9ea4-45687b27a0a2",
          "isHook": false,
          "skipped": false
        },
        {
          "title": "Google search 2nd Test",
          "fullTitle": "Google search 2nd Test",
          "timedOut": null,
          "duration": 5858,
          "state": "passed",
          "speed": "medium",
          "pass": true,
          "fail": false,
          "pending": false,
          "context": null,
          "code": "cy.log('Google 2nd Test Starts');\ncy.visit('https://google.com');\ncy.get('.gLFyf').type('cypress{enter}');\ncy.log('Google 2nd Test Ends');",
          "err": {},
          "uuid": "6238e9ff-2423-4c55-94fb-a2acfe98f849",
          "parentUUID": "bb4fafd7-bdf8-4ddf-9ea4-45687b27a0a2",
          "isHook": false,
          "skipped": false
        }
      ],
      "suites": [],
      "passes": [
        "9eee3d01-8be2-4209-bf83-912400d097ed",
        "6238e9ff-2423-4c55-94fb-a2acfe98f849"
      ],
      "failures": [],
      "pending": [],
      "skipped": [],
      "duration": 11054,
      "root": true,
      "rootEmpty": false,
      "_timeout": 2000
    }
  ],
  "meta": {
    "mocha": {
      "version": "7.0.1"
    },
    "mochawesome": {
      "options": {
        "quiet": false,
        "reportFilename": "mochawesome",
        "saveHtml": false,
        "saveJson": true,
        "consoleReporter": "spec",
        "useInlineDiffs": false,
        "code": true
      },
      "version": "7.1.3"
    },
    "marge": {
      "options": {
        "charts": true,
        "overwrite": false,
        "html": false,
        "json": true,
        "reportDir": "cypress/reports"
      },
      "version": "6.2.0"
    }
  }
}