{
  "stats": {
    "suites": 0,
    "tests": 1,
    "passes": 1,
    "pending": 0,
    "failures": 0,
    "start": "2023-05-12T21:48:59.101Z",
    "end": "2023-05-12T21:49:14.264Z",
    "duration": 15163,
    "testsRegistered": 1,
    "passPercent": 100,
    "pendingPercent": 0,
    "other": 0,
    "hasOther": false,
    "skipped": 0,
    "hasSkipped": false
  },
  "results": [
    {
      "uuid": "45c6c5d3-a734-4a84-94e1-a0cd7b292794",
      "title": "",
      "fullFile": "cypress\\e2e\\t1.cy.js",
      "file": "cypress\\e2e\\t1.cy.js",
      "beforeHooks": [],
      "afterHooks": [],
      "tests": [
        {
          "title": "Google Search",
          "fullTitle": "Google Search",
          "timedOut": null,
          "duration": 13282,
          "state": "passed",
          "speed": "slow",
          "pass": true,
          "fail": false,
          "pending": false,
          "context": null,
          "code": "cy.visit('https://google.com');\n// The type command is for you to type into things like input boxes. In this case the google search box.\n// note that # is to say that it's an id. These are selectors.\n// Timeout listed in the test file overrides a timeout that's listed in the cypress.config.js file.\n// Adding {Enter will simulate the Enter press on the keyboard.}\ncy.get('#APjFqb', {\n  timeout: 5000\n}).type('Automation Step by Step{Enter}');\n// This is another way to cause a delay, just adding a wait statement with miliseconds listed.\ncy.wait(2000);\n// Here we are selecting the button that contains the term Google Search, and then clicking it.\n// cy.contains('Google Search').click()\n// This clicks on the Videos link tab at the top of the results page.\ncy.contains('Videos').click();",
          "err": {},
          "uuid": "f11aca51-74cd-499f-9e43-f73b164e37f1",
          "parentUUID": "45c6c5d3-a734-4a84-94e1-a0cd7b292794",
          "isHook": false,
          "skipped": false
        }
      ],
      "suites": [],
      "passes": [
        "f11aca51-74cd-499f-9e43-f73b164e37f1"
      ],
      "failures": [],
      "pending": [],
      "skipped": [],
      "duration": 13282,
      "root": true,
      "rootEmpty": false,
      "_timeout": 2000
    }
  ],
  "meta": {
    "mocha": {
      "version": "7.0.1"
    },
    "mochawesome": {
      "options": {
        "quiet": false,
        "reportFilename": "mochawesome",
        "saveHtml": false,
        "saveJson": true,
        "consoleReporter": "spec",
        "useInlineDiffs": false,
        "code": true
      },
      "version": "7.1.3"
    },
    "marge": {
      "options": {
        "charts": true,
        "overwrite": false,
        "html": false,
        "json": true,
        "reportDir": "cypress/reports"
      },
      "version": "6.2.0"
    }
  }
}