{
  "stats": {
    "suites": 1,
    "tests": 1,
    "passes": 1,
    "pending": 0,
    "failures": 0,
    "start": "2023-05-12T21:48:17.709Z",
    "end": "2023-05-12T21:48:27.328Z",
    "duration": 9619,
    "testsRegistered": 1,
    "passPercent": 100,
    "pendingPercent": 0,
    "other": 0,
    "hasOther": false,
    "skipped": 0,
    "hasSkipped": false
  },
  "results": [
    {
      "uuid": "88535b6b-b566-4bb6-a517-a0d643de0bec",
      "title": "",
      "fullFile": "cypress\\e2e\\groupingtests.cy.js",
      "file": "cypress\\e2e\\groupingtests.cy.js",
      "beforeHooks": [],
      "afterHooks": [],
      "tests": [],
      "suites": [
        {
          "uuid": "2a51ffc0-7a83-415f-a1e6-767ad296f004",
          "title": "All Login Tests",
          "fullFile": "",
          "file": "",
          "beforeHooks": [],
          "afterHooks": [],
          "tests": [
            {
              "title": "Login Test 2",
              "fullTitle": "All Login Tests Login Test 2",
              "timedOut": null,
              "duration": 4674,
              "state": "passed",
              "speed": "fast",
              "pass": true,
              "fail": false,
              "pending": false,
              "context": null,
              "code": "// cy.visit('https://opensource-demo.orangehrmlive.com')\nloginPage.enterUsername('Admin');\nloginPage.enterPassword('admin123');\nloginPage.clickLogin();",
              "err": {},
              "uuid": "92a729dc-0eb5-499d-a0ed-b648c1b14f13",
              "parentUUID": "2a51ffc0-7a83-415f-a1e6-767ad296f004",
              "isHook": false,
              "skipped": false
            }
          ],
          "suites": [],
          "passes": [
            "92a729dc-0eb5-499d-a0ed-b648c1b14f13"
          ],
          "failures": [],
          "pending": [],
          "skipped": [],
          "duration": 4674,
          "root": false,
          "rootEmpty": false,
          "_timeout": 2000
        }
      ],
      "passes": [],
      "failures": [],
      "pending": [],
      "skipped": [],
      "duration": 0,
      "root": true,
      "rootEmpty": true,
      "_timeout": 2000
    }
  ],
  "meta": {
    "mocha": {
      "version": "7.0.1"
    },
    "mochawesome": {
      "options": {
        "quiet": false,
        "reportFilename": "mochawesome",
        "saveHtml": false,
        "saveJson": true,
        "consoleReporter": "spec",
        "useInlineDiffs": false,
        "code": true
      },
      "version": "7.1.3"
    },
    "marge": {
      "options": {
        "charts": true,
        "overwrite": false,
        "html": false,
        "json": true,
        "reportDir": "cypress/reports"
      },
      "version": "6.2.0"
    }
  }
}