{
  "stats": {
    "suites": 0,
    "tests": 1,
    "passes": 1,
    "pending": 0,
    "failures": 0,
    "start": "2023-05-12T21:48:40.456Z",
    "end": "2023-05-12T21:48:45.973Z",
    "duration": 5517,
    "testsRegistered": 1,
    "passPercent": 100,
    "pendingPercent": 0,
    "other": 0,
    "hasOther": false,
    "skipped": 0,
    "hasSkipped": false
  },
  "results": [
    {
      "uuid": "34e5ce75-dd5c-472f-8b1c-bf2743e52db4",
      "title": "",
      "fullFile": "cypress\\e2e\\pomdemo.cy.js",
      "file": "cypress\\e2e\\pomdemo.cy.js",
      "beforeHooks": [],
      "afterHooks": [],
      "tests": [
        {
          "title": "POM Demo",
          "fullTitle": "POM Demo",
          "timedOut": null,
          "duration": 3325,
          "state": "passed",
          "speed": "fast",
          "pass": true,
          "fail": false,
          "pending": false,
          "context": null,
          "code": "cy.visit('https://opensource-demo.orangehrmlive.com');\n// cy.get(':nth-child(2) > .oxd-input-group > :nth-child(2) > .oxd-input').type('Admin')\n// cy.get(':nth-child(3) > .oxd-input-group > :nth-child(2) > .oxd-input').type('admin123')\n// cy.get('.oxd-button').click()\nloginPage.enterUsername('Admin');\nloginPage.enterPassword('admin123');\nloginPage.clickLogin();",
          "err": {},
          "uuid": "97ab22b3-cebd-4bef-a10f-b9ab18468cd0",
          "parentUUID": "34e5ce75-dd5c-472f-8b1c-bf2743e52db4",
          "isHook": false,
          "skipped": false
        }
      ],
      "suites": [],
      "passes": [
        "97ab22b3-cebd-4bef-a10f-b9ab18468cd0"
      ],
      "failures": [],
      "pending": [],
      "skipped": [],
      "duration": 3325,
      "root": true,
      "rootEmpty": false,
      "_timeout": 2000
    }
  ],
  "meta": {
    "mocha": {
      "version": "7.0.1"
    },
    "mochawesome": {
      "options": {
        "quiet": false,
        "reportFilename": "mochawesome",
        "saveHtml": false,
        "saveJson": true,
        "consoleReporter": "spec",
        "useInlineDiffs": false,
        "code": true
      },
      "version": "7.1.3"
    },
    "marge": {
      "options": {
        "charts": true,
        "overwrite": false,
        "html": false,
        "json": true,
        "reportDir": "cypress/reports"
      },
      "version": "6.2.0"
    }
  }
}