{
  "stats": {
    "suites": 0,
    "tests": 1,
    "passes": 0,
    "pending": 0,
    "failures": 1,
    "start": "2023-05-12T21:49:19.006Z",
    "end": "2023-05-12T21:49:21.089Z",
    "duration": 2083,
    "testsRegistered": 1,
    "passPercent": 0,
    "pendingPercent": 0,
    "other": 0,
    "hasOther": false,
    "skipped": 0,
    "hasSkipped": false
  },
  "results": [
    {
      "uuid": "170f149e-f125-4cd8-9949-b4931b163037",
      "title": "",
      "fullFile": "cypress\\e2e\\t2.cy.js",
      "file": "cypress\\e2e\\t2.cy.js",
      "beforeHooks": [],
      "afterHooks": [],
      "tests": [
        {
          "title": "Assertions Demo",
          "fullTitle": "Assertions Demo",
          "timedOut": null,
          "duration": 1817,
          "state": "failed",
          "speed": null,
          "pass": false,
          "fail": true,
          "pending": false,
          "context": null,
          "code": "cy.visit('https://example.cypress.io');\ncy.contains('get').click();\ncy.get('#query-btn')\n// This asserts that the below item should contain the text \"Button\" -- It will show up green if it passes.\n.should('contain', \"Button\")\n// This asserts that the item should have a class name of query-btn. \n.should('have.class', 'query-btn')\n// You can also check have.text, have.thml\n.should('be.visible')\n// .should('be.disabled')\n.should('be.enabled');\n// be.focused = have.focus are other options\n// Note that becuase these are all should assertions, we can change the additional ones to and:\n// .should('contain', \"Button\")\n// .and('have.class', 'query-btn')\n// .and('be.visible')\n// .and('be.enabled')\nexpect(true).to.be.true;\n// Third is the message to print if the test fails. (If the two aren't equal)\n// assert.equal(4, 5, \"NOT EQUAL\")\nassert.equal(4, '4', \"NOT EQUAL\");\n// This shows the error as strictEqual requires the type to be the same.\nassert.strictEqual(4, '4', \"NOT EQUAL\");",
          "err": {
            "message": "AssertionError: NOT EQUAL: expected 4 to equal '4'",
            "estack": "AssertionError: NOT EQUAL: expected 4 to equal '4'\n    at Context.eval (webpack:///./cypress/e2e/t2.cy.js:32:15)",
            "diff": "- 4\n+ '4'\n"
          },
          "uuid": "53787c00-3b7b-4f58-b87b-85103bcbc0cc",
          "parentUUID": "170f149e-f125-4cd8-9949-b4931b163037",
          "isHook": false,
          "skipped": false
        }
      ],
      "suites": [],
      "passes": [],
      "failures": [
        "53787c00-3b7b-4f58-b87b-85103bcbc0cc"
      ],
      "pending": [],
      "skipped": [],
      "duration": 1817,
      "root": true,
      "rootEmpty": false,
      "_timeout": 2000
    }
  ],
  "meta": {
    "mocha": {
      "version": "7.0.1"
    },
    "mochawesome": {
      "options": {
        "quiet": false,
        "reportFilename": "mochawesome",
        "saveHtml": false,
        "saveJson": true,
        "consoleReporter": "spec",
        "useInlineDiffs": false,
        "code": true
      },
      "version": "7.1.3"
    },
    "marge": {
      "options": {
        "charts": true,
        "overwrite": false,
        "html": false,
        "json": true,
        "reportDir": "cypress/reports"
      },
      "version": "6.2.0"
    }
  }
}