{
  "stats": {
    "suites": 0,
    "tests": 1,
    "passes": 1,
    "pending": 0,
    "failures": 0,
    "start": "2023-05-12T21:48:32.481Z",
    "end": "2023-05-12T21:48:36.110Z",
    "duration": 3629,
    "testsRegistered": 1,
    "passPercent": 100,
    "pendingPercent": 0,
    "other": 0,
    "hasOther": false,
    "skipped": 0,
    "hasSkipped": false
  },
  "results": [
    {
      "uuid": "7ddb9a5f-0c0b-495f-a1c8-cb7a9bd22ba7",
      "title": "",
      "fullFile": "cypress\\e2e\\login.cy.js",
      "file": "cypress\\e2e\\login.cy.js",
      "beforeHooks": [],
      "afterHooks": [],
      "tests": [
        {
          "title": "My 1st Test",
          "fullTitle": "My 1st Test",
          "timedOut": null,
          "duration": 1839,
          "state": "passed",
          "speed": "fast",
          "pass": true,
          "fail": false,
          "pending": false,
          "context": null,
          "code": "cy.log('Login 1st Test Starts');\ncy.visit('https://trytestingthis.netlify.app');\ncy.get('#uname').type('test');\ncy.get('#pwd').type('test');\ncy.get('[type=\"submit\"]').click();\ncy.log('Login 1st Test Ends');",
          "err": {},
          "uuid": "2b1f821a-cd89-40c4-a798-cd197d252c60",
          "parentUUID": "7ddb9a5f-0c0b-495f-a1c8-cb7a9bd22ba7",
          "isHook": false,
          "skipped": false
        }
      ],
      "suites": [],
      "passes": [
        "2b1f821a-cd89-40c4-a798-cd197d252c60"
      ],
      "failures": [],
      "pending": [],
      "skipped": [],
      "duration": 1839,
      "root": true,
      "rootEmpty": false,
      "_timeout": 2000
    }
  ],
  "meta": {
    "mocha": {
      "version": "7.0.1"
    },
    "mochawesome": {
      "options": {
        "quiet": false,
        "reportFilename": "mochawesome",
        "saveHtml": false,
        "saveJson": true,
        "consoleReporter": "spec",
        "useInlineDiffs": false,
        "code": true
      },
      "version": "7.1.3"
    },
    "marge": {
      "options": {
        "charts": true,
        "overwrite": false,
        "html": false,
        "json": true,
        "reportDir": "cypress/reports"
      },
      "version": "6.2.0"
    }
  }
}